#
# A fatal error has been detected by the Java Runtime Environment:
#
#  EXCEPTION_ACCESS_VIOLATION (0xc0000005) at pc=0x0000000076dd71be, pid=1188, tid=6744
#
# JRE version: OpenJDK Runtime Environment Temurin-17.0.4.1+1 (17.0.4.1+1) (build 17.0.4.1+1)
# Java VM: OpenJDK 64-Bit Server VM Temurin-17.0.4.1+1 (17.0.4.1+1, mixed mode, tiered, compressed oops, compressed class ptrs, g1 gc, windows-amd64)
# Problematic frame:
# C  [ntdll.dll+0x371be]
#
# No core dump will be written. Minidumps are not enabled by default on client versions of Windows
#
# If you would like to submit a bug report, please visit:
#   https://github.com/adoptium/adoptium-support/issues
# The crash happened outside the Java Virtual Machine in native code.
# See problematic frame for where to report the bug.
#

---------------  S U M M A R Y ------------

Command Line: -Dfile.encoding=UTF-8 --module-path=E:\CODING\Java Eclipse Projects\FlockingSimulator2\bin -XX:+ShowCodeDetailsInExceptionMessages -Djdk.module.main=FlockingSimulator2 FlockingSimulator2/main.Flocking

Host: Intel(R) Core(TM) i7-4770K CPU @ 3.50GHz, 8 cores, 15G,  Windows 7 , 64 bit Build 7601 (6.1.7601.24545)
Time: Wed Feb 15 15:00:31 2023 GMT Standard Time elapsed time: 7.040097 seconds (0d 0h 0m 7s)

---------------  T H R E A D  ---------------

Current thread (0x00000000003ca8c0):  JavaThread "main" [_thread_in_native, id=6744, stack(0x0000000002120000,0x0000000002220000)]

Stack: [0x0000000002120000,0x0000000002220000],  sp=0x000000000221df30,  free space=1015k
Native frames: (J=compiled Java code, j=interpreted, Vv=VM code, C=native code)
C  [ntdll.dll+0x371be]
C  [ntdll.dll+0x400a4]
C  [ntdll.dll+0x6b53e]
C  [ntdll.dll+0x32ad4]
C  [ntdll.dll+0x2d261]
C  0x000007fedd9e2b5c

Java frames: (J=compiled Java code, j=interpreted, Vv=VM code)
j  sun.java2d.d3d.D3DSurfaceData.initOps(III)V+0 java.desktop@17.0.4.1
j  sun.java2d.d3d.D3DSurfaceData.<init>(Lsun/awt/windows/WComponentPeer;Lsun/java2d/d3d/D3DGraphicsConfig;IILjava/awt/Image;Ljava/awt/image/ColorModel;IILsun/java2d/pipe/hw/ExtendedBufferCapabilities$VSyncType;I)V+212 java.desktop@17.0.4.1
j  sun.java2d.d3d.D3DSurfaceData.createData(Lsun/awt/windows/WComponentPeer;Ljava/awt/Image;)Lsun/java2d/d3d/D3DSurfaceData;+117 java.desktop@17.0.4.1
j  sun.java2d.d3d.D3DVolatileSurfaceManager.initAcceleratedSurface()Lsun/java2d/SurfaceData;+68 java.desktop@17.0.4.1
j  sun.java2d.d3d.D3DVolatileSurfaceManager.restoreAcceleratedSurface()V+49 java.desktop@17.0.4.1
J 1288 c1 sun.awt.image.VolatileSurfaceManager.validate(Ljava/awt/GraphicsConfiguration;)I java.desktop@17.0.4.1 (213 bytes) @ 0x00000000067bd904 [0x00000000067bd380+0x0000000000000584]
J 1287 c1 sun.awt.image.SunVolatileImage.validate(Ljava/awt/GraphicsConfiguration;)I java.desktop@17.0.4.1 (9 bytes) @ 0x00000000067bcf3c [0x00000000067bce40+0x00000000000000fc]
j  java.awt.Component$FlipBufferStrategy.revalidate()V+85 java.desktop@17.0.4.1
j  java.awt.Component$FlipBufferStrategy.getDrawGraphics()Ljava/awt/Graphics;+1 java.desktop@17.0.4.1
j  main.Flocking.render()V+22 FlockingSimulator2
j  main.Flocking.simulation()V+8 FlockingSimulator2
j  main.Flocking.<init>()V+78 FlockingSimulator2
j  main.Flocking.main([Ljava/lang/String;)V+3 FlockingSimulator2
v  ~StubRoutines::call_stub

siginfo: EXCEPTION_ACCESS_VIOLATION (0xc0000005), reading address 0x000007feddba2f2c


Register to memory mapping:

RIP=0x0000000076dd71be ntdll.dll
RAX=0x0000000000000a99 is an unknown value
RBX=0x0000000000032b5c is an unknown value
RCX=0x0000000000001fcb is an unknown value
RDX=0x0000000000001533 is an unknown value
RSP=0x000000000221df30 is pointing into the stack for thread: 0x00000000003ca8c0
RBP=0x000000000221ee20 is pointing into the stack for thread: 0x00000000003ca8c0
RSI=0x000000000221dfe8 is pointing into the stack for thread: 0x00000000003ca8c0
RDI=0x000000000221e510 is pointing into the stack for thread: 0x00000000003ca8c0
R8 =0x0000000000000a99 is an unknown value
R9 =0x0 is NULL
R10=0x0000000076ec8110 ntdll.dll
R11=0x000007feddb9b000 is an unknown value
R12=0x000007fedd9e2b5c is an unknown value
R13=0x0 is NULL
R14=0x000000000221eb30 is pointing into the stack for thread: 0x00000000003ca8c0
R15=0x0000000076da0000 ntdll.dll


Registers:
RAX=0x0000000000000a99, RBX=0x0000000000032b5c, RCX=0x0000000000001fcb, RDX=0x0000000000001533
RSP=0x000000000221df30, RBP=0x000000000221ee20, RSI=0x000000000221dfe8, RDI=0x000000000221e510
R8 =0x0000000000000a99, R9 =0x0000000000000000, R10=0x0000000076ec8110, R11=0x000007feddb9b000
R12=0x000007fedd9e2b5c, R13=0x0000000000000000, R14=0x000000000221eb30, R15=0x0000000076da0000
RIP=0x0000000076dd71be, EFLAGS=0x0000000000010207

Top of Stack: (sp=0x000000000221df30)
0x000000000221df30:   0000000027a0a630 000000000221dfe8
0x000000000221df40:   000000000221df70 0000000000000000
0x000000000221df50:   0000000002212000 0000000076de00a4
0x000000000221df60:   0000000002220000 0000000076ed61b4
0x000000000221df70:   000000000000fe70 0000000000000000
0x000000000221df80:   0000000022da8d30 000000002793e9c8
0x000000000221df90:   00000000276e6040 00000000275fab28
0x000000000221dfa0:   000000000221ee20 000000002753bb90
0x000000000221dfb0:   0000000076ed61b4 0000000000000000
0x000000000221dfc0:   0000000000000000 0000000002220000
0x000000000221dfd0:   0000000800000000 0000000002212000
0x000000000221dfe0:   000000000221e510 000007fedd9b0000
0x000000000221dff0:   0000000027539f20 0000000027972948
0x000000000221e000:   00000000275f8f08 00000000279e6ff8
0x000000000221e010:   00000000279727c0 00000000276e6b10
0x000000000221e020:   000007fe27972980 00000008276e6b10 

Instructions: (pc=0x0000000076dd71be)
0x0000000076dd70be:   85 c0 78 60 81 7c 24 4c 00 00 00 01 75 56 48 8b
0x0000000076dd70ce:   44 24 40 48 89 84 24 a8 00 00 00 65 48 8b 04 25
0x0000000076dd70de:   30 00 00 00 48 8b 48 60 f6 41 03 01 0f 85 b0 b1
0x0000000076dd70ee:   04 00 4c 8b a4 24 a8 00 00 00 41 b8 03 00 00 00
0x0000000076dd70fe:   48 8d 44 24 30 48 89 44 24 20 4d 8b cd b2 01 49
0x0000000076dd710e:   8b cc e8 fb 65 ff ff 85 c0 0f 88 f8 b1 04 00 48
0x0000000076dd711e:   8b 5c 24 30 4c 89 26 48 8b c3 e9 5c ff ff ff 80
0x0000000076dd712e:   3d d4 0f 0f 00 00 0f 84 49 ff ff ff e9 56 ff ff
0x0000000076dd713e:   ff cc cc cc cc cc cc cc cc cc cc cc cc cc cc cc
0x0000000076dd714e:   cc cc 48 89 5c 24 08 48 89 74 24 10 57 48 83 ec
0x0000000076dd715e:   20 49 8b f8 48 8b f2 48 8b d9 4d 85 c0 0f 85 b7
0x0000000076dd716e:   00 00 00 4c 8d 44 24 40 48 8b d6 48 8b cb e8 4f
0x0000000076dd717e:   fe ff ff 48 85 c0 74 62 8b 4c 24 40 4c 8b d8 48
0x0000000076dd718e:   b8 ab aa aa aa aa aa aa aa 48 f7 e1 48 c1 ea 03
0x0000000076dd719e:   83 ea 01 0f 88 83 b1 04 00 48 2b 1e 45 33 c9 0f
0x0000000076dd71ae:   1f 00 46 8d 04 0a 41 d1 f8 49 63 c0 48 8d 0c 40
0x0000000076dd71be:   41 8b 04 8b 4d 8d 14 8b 48 3b d8 72 17 41 8b 42
0x0000000076dd71ce:   04 48 3b d8 72 22 45 8d 48 01 41 3b d1 7d d3 e9
0x0000000076dd71de:   48 b1 04 00 41 8d 50 ff eb f0 48 8b d6 48 8b cb
0x0000000076dd71ee:   e8 ad ce 00 00 4c 8b d0 4d 85 d2 74 1a 48 85 ff
0x0000000076dd71fe:   0f 85 e1 00 00 00 4d 85 d2 74 0c 41 8b 42 08 a8
0x0000000076dd720e:   01 0f 85 b2 00 00 00 49 8b c2 48 8b 5c 24 30 48
0x0000000076dd721e:   8b 74 24 38 48 83 c4 20 5f c3 41 80 78 07 00 0f
0x0000000076dd722e:   85 95 01 00 00 41 80 78 06 00 0f 84 33 ff ff ff
0x0000000076dd723e:   48 3b 1d 7b 0c 0f 00 0f 82 fa 00 00 00 48 3b 5f
0x0000000076dd724e:   08 0f 82 1c ff ff ff 48 3b 5f 10 0f 83 12 ff ff
0x0000000076dd725e:   ff 44 0f b6 4f 04 44 3b 0f 0f 83 04 ff ff ff 49
0x0000000076dd726e:   8d 49 02 4d 8b d1 48 c1 e1 04 48 03 cf 48 8b 11
0x0000000076dd727e:   4c 8b 41 f8 8b 02 49 03 c0 48 3b d8 0f 82 97 01
0x0000000076dd728e:   00 00 8b 42 04 49 03 c0 48 3b d8 0f 83 88 01 00
0x0000000076dd729e:   00 41 fe c1 44 88 4f 04 4c 89 06 8b 42 08 a8 01
0x0000000076dd72ae:   0f 85 6c b0 04 00 48 8b c2 48 8b 5c 24 30 48 8b 


Stack slot to memory mapping:
stack at sp + 0 slots: 0x0000000027a0a630 is pointing into metadata
stack at sp + 1 slots: 0x000000000221dfe8 is pointing into the stack for thread: 0x00000000003ca8c0
stack at sp + 2 slots: 0x000000000221df70 is pointing into the stack for thread: 0x00000000003ca8c0
stack at sp + 3 slots: 0x0 is NULL
stack at sp + 4 slots: 0x0000000002212000 is pointing into the stack for thread: 0x00000000003ca8c0
stack at sp + 5 slots: 0x0000000076de00a4 ntdll.dll
stack at sp + 6 slots: 0x0000000002220000 is an unknown value
stack at sp + 7 slots: 0x0000000076ed61b4 ntdll.dll


---------------  P R O C E S S  ---------------

Threads class SMR info:
_java_thread_list=0x00000000246e4f00, length=16, elements={
0x00000000003ca8c0, 0x0000000022076ba0, 0x0000000022077920, 0x00000000220ab5c0,
0x00000000220af280, 0x0000000022094e50, 0x0000000022098820, 0x00000000220998c0,
0x000000002209a270, 0x00000000231b2450, 0x00000000232e4850, 0x000000002341d4f0,
0x0000000024510170, 0x0000000024510640, 0x00000000247671f0, 0x000000002480f850
}

Java Threads: ( => current thread )
=>0x00000000003ca8c0 JavaThread "main" [_thread_in_native, id=6744, stack(0x0000000002120000,0x0000000002220000)]
  0x0000000022076ba0 JavaThread "Reference Handler" daemon [_thread_blocked, id=11800, stack(0x0000000022610000,0x0000000022710000)]
  0x0000000022077920 JavaThread "Finalizer" daemon [_thread_blocked, id=12192, stack(0x00000000230a0000,0x00000000231a0000)]
  0x00000000220ab5c0 JavaThread "Signal Dispatcher" daemon [_thread_blocked, id=5816, stack(0x0000000023670000,0x0000000023770000)]
  0x00000000220af280 JavaThread "Attach Listener" daemon [_thread_blocked, id=9308, stack(0x0000000023820000,0x0000000023920000)]
  0x0000000022094e50 JavaThread "Service Thread" daemon [_thread_blocked, id=9868, stack(0x0000000023a00000,0x0000000023b00000)]
  0x0000000022098820 JavaThread "Monitor Deflation Thread" daemon [_thread_blocked, id=2328, stack(0x0000000023b20000,0x0000000023c20000)]
  0x00000000220998c0 JavaThread "C2 CompilerThread0" daemon [_thread_blocked, id=12196, stack(0x0000000023d00000,0x0000000023e00000)]
  0x000000002209a270 JavaThread "C1 CompilerThread0" daemon [_thread_blocked, id=8156, stack(0x00000000221e0000,0x00000000222e0000)]
  0x00000000231b2450 JavaThread "Sweeper thread" daemon [_thread_blocked, id=9556, stack(0x0000000023f70000,0x0000000024070000)]
  0x00000000232e4850 JavaThread "Common-Cleaner" daemon [_thread_blocked, id=5208, stack(0x00000000240f0000,0x00000000241f0000)]
  0x000000002341d4f0 JavaThread "Notification Thread" daemon [_thread_blocked, id=6304, stack(0x0000000023e40000,0x0000000023f40000)]
  0x0000000024510170 JavaThread "Java2D Disposer" daemon [_thread_blocked, id=8440, stack(0x0000000024210000,0x0000000024310000)]
  0x0000000024510640 JavaThread "AWT-Shutdown" [_thread_blocked, id=996, stack(0x0000000024d80000,0x0000000024e80000)]
  0x00000000247671f0 JavaThread "AWT-EventQueue-0" [_thread_blocked, id=6340, stack(0x0000000027210000,0x0000000027310000)]
  0x000000002480f850 JavaThread "ToolkitShutdown" daemon [_thread_in_native, id=4228, stack(0x000000002c1e0000,0x000000002c2e0000)]

Other Threads:
  0x0000000022063fa0 VMThread "VM Thread" [stack: 0x00000000224a0000,0x00000000225a0000] [id=1768]
  0x0000000023305120 WatcherThread [stack: 0x0000000024380000,0x0000000024480000] [id=6432]
  0x000000000041bff0 GCTaskThread "GC Thread#0" [stack: 0x000000001f230000,0x000000001f330000] [id=9908]
  0x000000001f071dc0 ConcurrentGCThread "G1 Main Marker" [stack: 0x000000001f350000,0x000000001f450000] [id=7284]
  0x000000001f0725e0 ConcurrentGCThread "G1 Conc#0" [stack: 0x000000001f530000,0x000000001f630000] [id=4644]
  0x000000001f1256e0 ConcurrentGCThread "G1 Refine#0" [stack: 0x00000000220c0000,0x00000000221c0000] [id=7936]
  0x0000000021ed01e0 ConcurrentGCThread "G1 Service" [stack: 0x0000000022350000,0x0000000022450000] [id=3492]

Threads with active compile tasks:

VM state: not at safepoint (normal execution)

VM Mutex/Monitor currently owned by a thread: None

Heap address: 0x0000000701c00000, size: 4068 MB, Compressed Oops mode: Zero based, Oop shift amount: 3

CDS archive(s) not mapped
Compressed class space mapped at: 0x0000000800000000-0x0000000840000000, reserved size: 1073741824
Narrow klass base: 0x0000000800000000, Narrow klass shift: 0, Narrow klass range: 0x40000000

GC Precious Log:
 CPUs: 8 total, 8 available
 Memory: 16271M
 Large Page Support: Disabled
 NUMA Support: Disabled
 Compressed Oops: Enabled (Zero based)
 Heap Region Size: 2M
 Heap Min Capacity: 8M
 Heap Initial Capacity: 256M
 Heap Max Capacity: 4068M
 Pre-touch: Disabled
 Parallel Workers: 8
 Concurrent Workers: 2
 Concurrent Refinement Workers: 8
 Periodic GC: Disabled

Heap:
 garbage-first heap   total 262144K, used 14336K [0x0000000701c00000, 0x0000000800000000)
  region size 2048K, 5 young (10240K), 0 survivors (0K)
 Metaspace       used 16380K, committed 16576K, reserved 1064960K
  class space    used 1758K, committed 1856K, reserved 1048576K

Heap Regions: E=young(eden), S=young(survivor), O=old, HS=humongous(starts), HC=humongous(continues), CS=collection set, F=free, OA=open archive, CA=closed archive, TAMS=top-at-mark-start (previous, next)
|   0|0x0000000701c00000, 0x0000000701e00000, 0x0000000701e00000|100%|HS|  |TAMS 0x0000000701c00000, 0x0000000701c00000| Complete 
|   1|0x0000000701e00000, 0x0000000702000000, 0x0000000702000000|100%|HC|  |TAMS 0x0000000701e00000, 0x0000000701e00000| Complete 
|   2|0x0000000702000000, 0x0000000702200000, 0x0000000702200000|100%|HC|  |TAMS 0x0000000702000000, 0x0000000702000000| Complete 
|   3|0x0000000702200000, 0x0000000702200000, 0x0000000702400000|  0%| F|  |TAMS 0x0000000702200000, 0x0000000702200000| Untracked 
|   4|0x0000000702400000, 0x0000000702400000, 0x0000000702600000|  0%| F|  |TAMS 0x0000000702400000, 0x0000000702400000| Untracked 
|   5|0x0000000702600000, 0x0000000702600000, 0x0000000702800000|  0%| F|  |TAMS 0x0000000702600000, 0x0000000702600000| Untracked 
|   6|0x0000000702800000, 0x0000000702800000, 0x0000000702a00000|  0%| F|  |TAMS 0x0000000702800000, 0x0000000702800000| Untracked 
|   7|0x0000000702a00000, 0x0000000702a00000, 0x0000000702c00000|  0%| F|  |TAMS 0x0000000702a00000, 0x0000000702a00000| Untracked 
|   8|0x0000000702c00000, 0x0000000702c00000, 0x0000000702e00000|  0%| F|  |TAMS 0x0000000702c00000, 0x0000000702c00000| Untracked 
|   9|0x0000000702e00000, 0x0000000702e00000, 0x0000000703000000|  0%| F|  |TAMS 0x0000000702e00000, 0x0000000702e00000| Untracked 
|  10|0x0000000703000000, 0x0000000703000000, 0x0000000703200000|  0%| F|  |TAMS 0x0000000703000000, 0x0000000703000000| Untracked 
|  11|0x0000000703200000, 0x0000000703200000, 0x0000000703400000|  0%| F|  |TAMS 0x0000000703200000, 0x0000000703200000| Untracked 
|  12|0x0000000703400000, 0x0000000703400000, 0x0000000703600000|  0%| F|  |TAMS 0x0000000703400000, 0x0000000703400000| Untracked 
|  13|0x0000000703600000, 0x0000000703600000, 0x0000000703800000|  0%| F|  |TAMS 0x0000000703600000, 0x0000000703600000| Untracked 
|  14|0x0000000703800000, 0x0000000703800000, 0x0000000703a00000|  0%| F|  |TAMS 0x0000000703800000, 0x0000000703800000| Untracked 
|  15|0x0000000703a00000, 0x0000000703a00000, 0x0000000703c00000|  0%| F|  |TAMS 0x0000000703a00000, 0x0000000703a00000| Untracked 
|  16|0x0000000703c00000, 0x0000000703c00000, 0x0000000703e00000|  0%| F|  |TAMS 0x0000000703c00000, 0x0000000703c00000| Untracked 
|  17|0x0000000703e00000, 0x0000000703e00000, 0x0000000704000000|  0%| F|  |TAMS 0x0000000703e00000, 0x0000000703e00000| Untracked 
|  18|0x0000000704000000, 0x0000000704000000, 0x0000000704200000|  0%| F|  |TAMS 0x0000000704000000, 0x0000000704000000| Untracked 
|  19|0x0000000704200000, 0x0000000704200000, 0x0000000704400000|  0%| F|  |TAMS 0x0000000704200000, 0x0000000704200000| Untracked 
|  20|0x0000000704400000, 0x0000000704400000, 0x0000000704600000|  0%| F|  |TAMS 0x0000000704400000, 0x0000000704400000| Untracked 
|  21|0x0000000704600000, 0x0000000704600000, 0x0000000704800000|  0%| F|  |TAMS 0x0000000704600000, 0x0000000704600000| Untracked 
|  22|0x0000000704800000, 0x0000000704800000, 0x0000000704a00000|  0%| F|  |TAMS 0x0000000704800000, 0x0000000704800000| Untracked 
|  23|0x0000000704a00000, 0x0000000704a00000, 0x0000000704c00000|  0%| F|  |TAMS 0x0000000704a00000, 0x0000000704a00000| Untracked 
|  24|0x0000000704c00000, 0x0000000704c00000, 0x0000000704e00000|  0%| F|  |TAMS 0x0000000704c00000, 0x0000000704c00000| Untracked 
|  25|0x0000000704e00000, 0x0000000704e00000, 0x0000000705000000|  0%| F|  |TAMS 0x0000000704e00000, 0x0000000704e00000| Untracked 
|  26|0x0000000705000000, 0x0000000705000000, 0x0000000705200000|  0%| F|  |TAMS 0x0000000705000000, 0x0000000705000000| Untracked 
|  27|0x0000000705200000, 0x0000000705200000, 0x0000000705400000|  0%| F|  |TAMS 0x0000000705200000, 0x0000000705200000| Untracked 
|  28|0x0000000705400000, 0x0000000705400000, 0x0000000705600000|  0%| F|  |TAMS 0x0000000705400000, 0x0000000705400000| Untracked 
|  29|0x0000000705600000, 0x0000000705600000, 0x0000000705800000|  0%| F|  |TAMS 0x0000000705600000, 0x0000000705600000| Untracked 
|  30|0x0000000705800000, 0x0000000705800000, 0x0000000705a00000|  0%| F|  |TAMS 0x0000000705800000, 0x0000000705800000| Untracked 
|  31|0x0000000705a00000, 0x0000000705a00000, 0x0000000705c00000|  0%| F|  |TAMS 0x0000000705a00000, 0x0000000705a00000| Untracked 
|  32|0x0000000705c00000, 0x0000000705c00000, 0x0000000705e00000|  0%| F|  |TAMS 0x0000000705c00000, 0x0000000705c00000| Untracked 
|  33|0x0000000705e00000, 0x0000000705e00000, 0x0000000706000000|  0%| F|  |TAMS 0x0000000705e00000, 0x0000000705e00000| Untracked 
|  34|0x0000000706000000, 0x0000000706000000, 0x0000000706200000|  0%| F|  |TAMS 0x0000000706000000, 0x0000000706000000| Untracked 
|  35|0x0000000706200000, 0x0000000706200000, 0x0000000706400000|  0%| F|  |TAMS 0x0000000706200000, 0x0000000706200000| Untracked 
|  36|0x0000000706400000, 0x0000000706400000, 0x0000000706600000|  0%| F|  |TAMS 0x0000000706400000, 0x0000000706400000| Untracked 
|  37|0x0000000706600000, 0x0000000706600000, 0x0000000706800000|  0%| F|  |TAMS 0x0000000706600000, 0x0000000706600000| Untracked 
|  38|0x0000000706800000, 0x0000000706800000, 0x0000000706a00000|  0%| F|  |TAMS 0x0000000706800000, 0x0000000706800000| Untracked 
|  39|0x0000000706a00000, 0x0000000706a00000, 0x0000000706c00000|  0%| F|  |TAMS 0x0000000706a00000, 0x0000000706a00000| Untracked 
|  40|0x0000000706c00000, 0x0000000706c00000, 0x0000000706e00000|  0%| F|  |TAMS 0x0000000706c00000, 0x0000000706c00000| Untracked 
|  41|0x0000000706e00000, 0x0000000706e00000, 0x0000000707000000|  0%| F|  |TAMS 0x0000000706e00000, 0x0000000706e00000| Untracked 
|  42|0x0000000707000000, 0x0000000707000000, 0x0000000707200000|  0%| F|  |TAMS 0x0000000707000000, 0x0000000707000000| Untracked 
|  43|0x0000000707200000, 0x0000000707200000, 0x0000000707400000|  0%| F|  |TAMS 0x0000000707200000, 0x0000000707200000| Untracked 
|  44|0x0000000707400000, 0x0000000707400000, 0x0000000707600000|  0%| F|  |TAMS 0x0000000707400000, 0x0000000707400000| Untracked 
|  45|0x0000000707600000, 0x0000000707600000, 0x0000000707800000|  0%| F|  |TAMS 0x0000000707600000, 0x0000000707600000| Untracked 
|  46|0x0000000707800000, 0x0000000707800000, 0x0000000707a00000|  0%| F|  |TAMS 0x0000000707800000, 0x0000000707800000| Untracked 
|  47|0x0000000707a00000, 0x0000000707a00000, 0x0000000707c00000|  0%| F|  |TAMS 0x0000000707a00000, 0x0000000707a00000| Untracked 
|  48|0x0000000707c00000, 0x0000000707c00000, 0x0000000707e00000|  0%| F|  |TAMS 0x0000000707c00000, 0x0000000707c00000| Untracked 
|  49|0x0000000707e00000, 0x0000000707e00000, 0x0000000708000000|  0%| F|  |TAMS 0x0000000707e00000, 0x0000000707e00000| Untracked 
|  50|0x0000000708000000, 0x0000000708000000, 0x0000000708200000|  0%| F|  |TAMS 0x0000000708000000, 0x0000000708000000| Untracked 
|  51|0x0000000708200000, 0x0000000708200000, 0x0000000708400000|  0%| F|  |TAMS 0x0000000708200000, 0x0000000708200000| Untracked 
|  52|0x0000000708400000, 0x0000000708400000, 0x0000000708600000|  0%| F|  |TAMS 0x0000000708400000, 0x0000000708400000| Untracked 
|  53|0x0000000708600000, 0x0000000708600000, 0x0000000708800000|  0%| F|  |TAMS 0x0000000708600000, 0x0000000708600000| Untracked 
|  54|0x0000000708800000, 0x0000000708800000, 0x0000000708a00000|  0%| F|  |TAMS 0x0000000708800000, 0x0000000708800000| Untracked 
|  55|0x0000000708a00000, 0x0000000708a00000, 0x0000000708c00000|  0%| F|  |TAMS 0x0000000708a00000, 0x0000000708a00000| Untracked 
|  56|0x0000000708c00000, 0x0000000708c00000, 0x0000000708e00000|  0%| F|  |TAMS 0x0000000708c00000, 0x0000000708c00000| Untracked 
|  57|0x0000000708e00000, 0x0000000708e00000, 0x0000000709000000|  0%| F|  |TAMS 0x0000000708e00000, 0x0000000708e00000| Untracked 
|  58|0x0000000709000000, 0x0000000709000000, 0x0000000709200000|  0%| F|  |TAMS 0x0000000709000000, 0x0000000709000000| Untracked 
|  59|0x0000000709200000, 0x0000000709200000, 0x0000000709400000|  0%| F|  |TAMS 0x0000000709200000, 0x0000000709200000| Untracked 
|  60|0x0000000709400000, 0x0000000709400000, 0x0000000709600000|  0%| F|  |TAMS 0x0000000709400000, 0x0000000709400000| Untracked 
|  61|0x0000000709600000, 0x0000000709600000, 0x0000000709800000|  0%| F|  |TAMS 0x0000000709600000, 0x0000000709600000| Untracked 
|  62|0x0000000709800000, 0x0000000709800000, 0x0000000709a00000|  0%| F|  |TAMS 0x0000000709800000, 0x0000000709800000| Untracked 
|  63|0x0000000709a00000, 0x0000000709a00000, 0x0000000709c00000|  0%| F|  |TAMS 0x0000000709a00000, 0x0000000709a00000| Untracked 
|  64|0x0000000709c00000, 0x0000000709c00000, 0x0000000709e00000|  0%| F|  |TAMS 0x0000000709c00000, 0x0000000709c00000| Untracked 
|  65|0x0000000709e00000, 0x0000000709e00000, 0x000000070a000000|  0%| F|  |TAMS 0x0000000709e00000, 0x0000000709e00000| Untracked 
|  66|0x000000070a000000, 0x000000070a000000, 0x000000070a200000|  0%| F|  |TAMS 0x000000070a000000, 0x000000070a000000| Untracked 
|  67|0x000000070a200000, 0x000000070a200000, 0x000000070a400000|  0%| F|  |TAMS 0x000000070a200000, 0x000000070a200000| Untracked 
|  68|0x000000070a400000, 0x000000070a400000, 0x000000070a600000|  0%| F|  |TAMS 0x000000070a400000, 0x000000070a400000| Untracked 
|  69|0x000000070a600000, 0x000000070a600000, 0x000000070a800000|  0%| F|  |TAMS 0x000000070a600000, 0x000000070a600000| Untracked 
|  70|0x000000070a800000, 0x000000070a800000, 0x000000070aa00000|  0%| F|  |TAMS 0x000000070a800000, 0x000000070a800000| Untracked 
|  71|0x000000070aa00000, 0x000000070aa00000, 0x000000070ac00000|  0%| F|  |TAMS 0x000000070aa00000, 0x000000070aa00000| Untracked 
|  72|0x000000070ac00000, 0x000000070ac00000, 0x000000070ae00000|  0%| F|  |TAMS 0x000000070ac00000, 0x000000070ac00000| Untracked 
|  73|0x000000070ae00000, 0x000000070ae00000, 0x000000070b000000|  0%| F|  |TAMS 0x000000070ae00000, 0x000000070ae00000| Untracked 
|  74|0x000000070b000000, 0x000000070b000000, 0x000000070b200000|  0%| F|  |TAMS 0x000000070b000000, 0x000000070b000000| Untracked 
|  75|0x000000070b200000, 0x000000070b200000, 0x000000070b400000|  0%| F|  |TAMS 0x000000070b200000, 0x000000070b200000| Untracked 
|  76|0x000000070b400000, 0x000000070b400000, 0x000000070b600000|  0%| F|  |TAMS 0x000000070b400000, 0x000000070b400000| Untracked 
|  77|0x000000070b600000, 0x000000070b600000, 0x000000070b800000|  0%| F|  |TAMS 0x000000070b600000, 0x000000070b600000| Untracked 
|  78|0x000000070b800000, 0x000000070b800000, 0x000000070ba00000|  0%| F|  |TAMS 0x000000070b800000, 0x000000070b800000| Untracked 
|  79|0x000000070ba00000, 0x000000070ba00000, 0x000000070bc00000|  0%| F|  |TAMS 0x000000070ba00000, 0x000000070ba00000| Untracked 
|  80|0x000000070bc00000, 0x000000070bc00000, 0x000000070be00000|  0%| F|  |TAMS 0x000000070bc00000, 0x000000070bc00000| Untracked 
|  81|0x000000070be00000, 0x000000070be00000, 0x000000070c000000|  0%| F|  |TAMS 0x000000070be00000, 0x000000070be00000| Untracked 
|  82|0x000000070c000000, 0x000000070c000000, 0x000000070c200000|  0%| F|  |TAMS 0x000000070c000000, 0x000000070c000000| Untracked 
|  83|0x000000070c200000, 0x000000070c200000, 0x000000070c400000|  0%| F|  |TAMS 0x000000070c200000, 0x000000070c200000| Untracked 
|  84|0x000000070c400000, 0x000000070c400000, 0x000000070c600000|  0%| F|  |TAMS 0x000000070c400000, 0x000000070c400000| Untracked 
|  85|0x000000070c600000, 0x000000070c600000, 0x000000070c800000|  0%| F|  |TAMS 0x000000070c600000, 0x000000070c600000| Untracked 
|  86|0x000000070c800000, 0x000000070c800000, 0x000000070ca00000|  0%| F|  |TAMS 0x000000070c800000, 0x000000070c800000| Untracked 
|  87|0x000000070ca00000, 0x000000070ca00000, 0x000000070cc00000|  0%| F|  |TAMS 0x000000070ca00000, 0x000000070ca00000| Untracked 
|  88|0x000000070cc00000, 0x000000070cc00000, 0x000000070ce00000|  0%| F|  |TAMS 0x000000070cc00000, 0x000000070cc00000| Untracked 
|  89|0x000000070ce00000, 0x000000070ce00000, 0x000000070d000000|  0%| F|  |TAMS 0x000000070ce00000, 0x000000070ce00000| Untracked 
|  90|0x000000070d000000, 0x000000070d000000, 0x000000070d200000|  0%| F|  |TAMS 0x000000070d000000, 0x000000070d000000| Untracked 
|  91|0x000000070d200000, 0x000000070d200000, 0x000000070d400000|  0%| F|  |TAMS 0x000000070d200000, 0x000000070d200000| Untracked 
|  92|0x000000070d400000, 0x000000070d400000, 0x000000070d600000|  0%| F|  |TAMS 0x000000070d400000, 0x000000070d400000| Untracked 
|  93|0x000000070d600000, 0x000000070d600000, 0x000000070d800000|  0%| F|  |TAMS 0x000000070d600000, 0x000000070d600000| Untracked 
|  94|0x000000070d800000, 0x000000070d800000, 0x000000070da00000|  0%| F|  |TAMS 0x000000070d800000, 0x000000070d800000| Untracked 
|  95|0x000000070da00000, 0x000000070da00000, 0x000000070dc00000|  0%| F|  |TAMS 0x000000070da00000, 0x000000070da00000| Untracked 
|  96|0x000000070dc00000, 0x000000070dc00000, 0x000000070de00000|  0%| F|  |TAMS 0x000000070dc00000, 0x000000070dc00000| Untracked 
|  97|0x000000070de00000, 0x000000070de00000, 0x000000070e000000|  0%| F|  |TAMS 0x000000070de00000, 0x000000070de00000| Untracked 
|  98|0x000000070e000000, 0x000000070e000000, 0x000000070e200000|  0%| F|  |TAMS 0x000000070e000000, 0x000000070e000000| Untracked 
|  99|0x000000070e200000, 0x000000070e200000, 0x000000070e400000|  0%| F|  |TAMS 0x000000070e200000, 0x000000070e200000| Untracked 
| 100|0x000000070e400000, 0x000000070e400000, 0x000000070e600000|  0%| F|  |TAMS 0x000000070e400000, 0x000000070e400000| Untracked 
| 101|0x000000070e600000, 0x000000070e600000, 0x000000070e800000|  0%| F|  |TAMS 0x000000070e600000, 0x000000070e600000| Untracked 
| 102|0x000000070e800000, 0x000000070e800000, 0x000000070ea00000|  0%| F|  |TAMS 0x000000070e800000, 0x000000070e800000| Untracked 
| 103|0x000000070ea00000, 0x000000070ea00000, 0x000000070ec00000|  0%| F|  |TAMS 0x000000070ea00000, 0x000000070ea00000| Untracked 
| 104|0x000000070ec00000, 0x000000070ec00000, 0x000000070ee00000|  0%| F|  |TAMS 0x000000070ec00000, 0x000000070ec00000| Untracked 
| 105|0x000000070ee00000, 0x000000070ee00000, 0x000000070f000000|  0%| F|  |TAMS 0x000000070ee00000, 0x000000070ee00000| Untracked 
| 106|0x000000070f000000, 0x000000070f000000, 0x000000070f200000|  0%| F|  |TAMS 0x000000070f000000, 0x000000070f000000| Untracked 
| 107|0x000000070f200000, 0x000000070f200000, 0x000000070f400000|  0%| F|  |TAMS 0x000000070f200000, 0x000000070f200000| Untracked 
| 108|0x000000070f400000, 0x000000070f400000, 0x000000070f600000|  0%| F|  |TAMS 0x000000070f400000, 0x000000070f400000| Untracked 
| 109|0x000000070f600000, 0x000000070f600000, 0x000000070f800000|  0%| F|  |TAMS 0x000000070f600000, 0x000000070f600000| Untracked 
| 110|0x000000070f800000, 0x000000070f800000, 0x000000070fa00000|  0%| F|  |TAMS 0x000000070f800000, 0x000000070f800000| Untracked 
| 111|0x000000070fa00000, 0x000000070fa00000, 0x000000070fc00000|  0%| F|  |TAMS 0x000000070fa00000, 0x000000070fa00000| Untracked 
| 112|0x000000070fc00000, 0x000000070fc00000, 0x000000070fe00000|  0%| F|  |TAMS 0x000000070fc00000, 0x000000070fc00000| Untracked 
| 113|0x000000070fe00000, 0x000000070fe00000, 0x0000000710000000|  0%| F|  |TAMS 0x000000070fe00000, 0x000000070fe00000| Untracked 
| 114|0x0000000710000000, 0x0000000710000000, 0x0000000710200000|  0%| F|  |TAMS 0x0000000710000000, 0x0000000710000000| Untracked 
| 115|0x0000000710200000, 0x0000000710200000, 0x0000000710400000|  0%| F|  |TAMS 0x0000000710200000, 0x0000000710200000| Untracked 
| 116|0x0000000710400000, 0x0000000710400000, 0x0000000710600000|  0%| F|  |TAMS 0x0000000710400000, 0x0000000710400000| Untracked 
| 117|0x0000000710600000, 0x0000000710600000, 0x0000000710800000|  0%| F|  |TAMS 0x0000000710600000, 0x0000000710600000| Untracked 
| 118|0x0000000710800000, 0x0000000710800000, 0x0000000710a00000|  0%| F|  |TAMS 0x0000000710800000, 0x0000000710800000| Untracked 
| 119|0x0000000710a00000, 0x0000000710a00000, 0x0000000710c00000|  0%| F|  |TAMS 0x0000000710a00000, 0x0000000710a00000| Untracked 
| 120|0x0000000710c00000, 0x0000000710c00000, 0x0000000710e00000|  0%| F|  |TAMS 0x0000000710c00000, 0x0000000710c00000| Untracked 
| 121|0x0000000710e00000, 0x0000000710e00000, 0x0000000711000000|  0%| F|  |TAMS 0x0000000710e00000, 0x0000000710e00000| Untracked 
| 122|0x0000000711000000, 0x0000000711000000, 0x0000000711200000|  0%| F|  |TAMS 0x0000000711000000, 0x0000000711000000| Untracked 
| 123|0x0000000711200000, 0x00000007113c3180, 0x0000000711400000| 88%| E|  |TAMS 0x0000000711200000, 0x0000000711200000| Complete 
| 124|0x0000000711400000, 0x0000000711600000, 0x0000000711600000|100%| E|CS|TAMS 0x0000000711400000, 0x0000000711400000| Complete 
| 125|0x0000000711600000, 0x0000000711800000, 0x0000000711800000|100%| E|CS|TAMS 0x0000000711600000, 0x0000000711600000| Complete 
| 126|0x0000000711800000, 0x0000000711a00000, 0x0000000711a00000|100%| E|CS|TAMS 0x0000000711800000, 0x0000000711800000| Complete 
| 127|0x0000000711a00000, 0x0000000711c00000, 0x0000000711c00000|100%| E|CS|TAMS 0x0000000711a00000, 0x0000000711a00000| Complete 

Card table byte_map: [0x0000000016120000,0x0000000016920000] _byte_map_base: 0x0000000012912000

Marking Bits (Prev, Next): (CMBitMap*) 0x000000000041ec10, (CMBitMap*) 0x000000000041ec50
 Prev Bits: [0x0000000017120000, 0x000000001b0b0000)
 Next Bits: [0x000000001b0b0000, 0x000000001f040000)

Polling page: 0x0000000000130000

Metaspace:

Usage:
  Non-class:     14.28 MB used.
      Class:      1.72 MB used.
       Both:     16.00 MB used.

Virtual space:
  Non-class space:       16.00 MB reserved,      14.38 MB ( 90%) committed,  2 nodes.
      Class space:        1.00 GB reserved,       1.81 MB ( <1%) committed,  1 nodes.
             Both:        1.02 GB reserved,      16.19 MB (  2%) committed. 

Chunk freelists:
   Non-Class:  1.00 MB
       Class:  2.25 MB
        Both:  3.25 MB

MaxMetaspaceSize: unlimited
CompressedClassSpaceSize: 1.00 GB
Initial GC threshold: 21.00 MB
Current GC threshold: 21.00 MB
CDS: off
MetaspaceReclaimPolicy: balanced
 - commit_granule_bytes: 65536.
 - commit_granule_words: 8192.
 - virtual_space_node_default_size: 1048576.
 - enlarge_chunks_in_place: 1.
 - new_chunks_are_fully_committed: 0.
 - uncommit_free_chunks: 1.
 - use_allocation_guard: 0.
 - handle_deallocations: 1.


Internal statistics:

num_allocs_failed_limit: 0.
num_arena_births: 114.
num_arena_deaths: 0.
num_vsnodes_births: 3.
num_vsnodes_deaths: 0.
num_space_committed: 259.
num_space_uncommitted: 0.
num_chunks_returned_to_freelist: 0.
num_chunks_taken_from_freelist: 187.
num_chunk_merges: 0.
num_chunk_splits: 99.
num_chunks_enlarged: 49.
num_purges: 0.
num_inconsistent_stats: 0.

CodeHeap 'non-profiled nmethods': size=120000Kb used=389Kb max_used=389Kb free=119610Kb
 bounds [0x000000000da80000, 0x000000000dcf0000, 0x0000000014fb0000]
CodeHeap 'profiled nmethods': size=120000Kb used=2490Kb max_used=2490Kb free=117509Kb
 bounds [0x0000000006550000, 0x00000000067c0000, 0x000000000da80000]
CodeHeap 'non-nmethods': size=5760Kb used=1282Kb max_used=1320Kb free=4477Kb
 bounds [0x0000000005fb0000, 0x0000000006220000, 0x0000000006550000]
 total_blobs=1895 nmethods=1291 adapters=516
 compilation: enabled
              stopped_count=0, restarted_count=0
 full_count=0

Compilation events (20 events):
Event: 6.016 Thread 0x00000000220998c0 1282       4       java.awt.Component::getCursor_NoClientCode (30 bytes)
Event: 6.017 Thread 0x00000000220998c0 nmethod 1282 0x000000000dad7190 code [0x000000000dad7320, 0x000000000dad7408]
Event: 6.018 Thread 0x000000002209a270 1283       3       sun.awt.image.SunVolatileImage::createGraphics (27 bytes)
Event: 6.018 Thread 0x000000002209a270 nmethod 1283 0x00000000067b7b90 code [0x00000000067b7d80, 0x00000000067b8338]
Event: 6.018 Thread 0x000000002209a270 1284       3       sun.awt.image.SunVolatileImage::getForeground (19 bytes)
Event: 6.018 Thread 0x000000002209a270 nmethod 1284 0x00000000067b8510 code [0x00000000067b86c0, 0x00000000067b8908]
Event: 6.036 Thread 0x000000002209a270 1285       3       java.awt.AWTEvent::convertToOld (672 bytes)
Event: 6.037 Thread 0x000000002209a270 nmethod 1285 0x00000000067b8a10 code [0x00000000067b8ee0, 0x00000000067bc098]
Event: 6.043 Thread 0x00000000220998c0 1286       4       jdk.internal.logger.AbstractLoggerWrapper::isLoggable (26 bytes)
Event: 6.047 Thread 0x00000000220998c0 nmethod 1286 0x000000000dad7510 code [0x000000000dad76e0, 0x000000000dad8010]
Event: 6.048 Thread 0x000000002209a270 1287       3       sun.awt.image.SunVolatileImage::validate (9 bytes)
Event: 6.048 Thread 0x000000002209a270 nmethod 1287 0x00000000067bcc90 code [0x00000000067bce40, 0x00000000067bd008]
Event: 6.048 Thread 0x000000002209a270 1288   !   3       sun.awt.image.VolatileSurfaceManager::validate (213 bytes)
Event: 6.049 Thread 0x000000002209a270 nmethod 1288 0x00000000067bd110 code [0x00000000067bd380, 0x00000000067be268]
Event: 6.050 Thread 0x00000000220998c0 1289       4       java.awt.EventQueue::eventToCacheIndex (80 bytes)
Event: 6.050 Thread 0x00000000220998c0 nmethod 1289 0x000000000dad8390 code [0x000000000dad8520, 0x000000000dad8618]
Event: 6.054 Thread 0x00000000220998c0 1290   !   4       sun.awt.PostEventQueue::flush (168 bytes)
Event: 6.161 Thread 0x00000000220998c0 nmethod 1290 0x000000000dad8710 code [0x000000000dad8bc0, 0x000000000dadeed0]
Event: 6.233 Thread 0x000000002209a270 1291       3       java.awt.image.VolatileImage::getGraphics (5 bytes)
Event: 6.233 Thread 0x000000002209a270 nmethod 1291 0x00000000067be590 code [0x00000000067be740, 0x00000000067be888]

GC Heap History (0 events):
No events

Deoptimization events (20 events):
Event: 3.417 Thread 0x00000000247671f0 Uncommon trap: trap_request=0xffffffde fr.pc=0x000000000da9222c relative=0x00000000000001ac
Event: 3.417 Thread 0x00000000247671f0 Uncommon trap: reason=class_check action=maybe_recompile pc=0x000000000da9222c method=java.lang.String.equals(Ljava/lang/Object;)Z @ 8 c2
Event: 3.417 Thread 0x00000000247671f0 DEOPT PACKING pc=0x000000000da9222c sp=0x000000002730e0d0
Event: 3.417 Thread 0x00000000247671f0 DEOPT UNPACKING pc=0x00000000060023a3 sp=0x000000002730e078 mode 2
Event: 3.531 Thread 0x000000002359f550 Uncommon trap: trap_request=0xffffff45 fr.pc=0x000000000dac5d64 relative=0x00000000000001c4
Event: 3.531 Thread 0x000000002359f550 Uncommon trap: reason=unstable_if action=reinterpret pc=0x000000000dac5d64 method=java.util.concurrent.locks.AbstractQueuedSynchronizer.signalNext(Ljava/util/concurrent/locks/AbstractQueuedSynchronizer$Node;)V @ 17 c2
Event: 3.531 Thread 0x000000002359f550 DEOPT PACKING pc=0x000000000dac5d64 sp=0x000000002500e2d0
Event: 3.531 Thread 0x000000002359f550 DEOPT UNPACKING pc=0x00000000060023a3 sp=0x000000002500e1c8 mode 2
Event: 4.008 Thread 0x00000000247671f0 Uncommon trap: trap_request=0xffffffde fr.pc=0x000000000da9222c relative=0x00000000000001ac
Event: 4.008 Thread 0x00000000247671f0 Uncommon trap: reason=class_check action=maybe_recompile pc=0x000000000da9222c method=java.lang.String.equals(Ljava/lang/Object;)Z @ 8 c2
Event: 4.008 Thread 0x00000000247671f0 DEOPT PACKING pc=0x000000000da9222c sp=0x000000002730e070
Event: 4.008 Thread 0x00000000247671f0 DEOPT UNPACKING pc=0x00000000060023a3 sp=0x000000002730e018 mode 2
Event: 4.008 Thread 0x00000000247671f0 Uncommon trap: trap_request=0xffffffde fr.pc=0x000000000da9222c relative=0x00000000000001ac
Event: 4.008 Thread 0x00000000247671f0 Uncommon trap: reason=class_check action=maybe_recompile pc=0x000000000da9222c method=java.lang.String.equals(Ljava/lang/Object;)Z @ 8 c2
Event: 4.008 Thread 0x00000000247671f0 DEOPT PACKING pc=0x000000000da9222c sp=0x000000002730e070
Event: 4.008 Thread 0x00000000247671f0 DEOPT UNPACKING pc=0x00000000060023a3 sp=0x000000002730e018 mode 2
Event: 4.120 Thread 0x00000000247671f0 Uncommon trap: trap_request=0xffffff45 fr.pc=0x000000000dac4de4 relative=0x00000000000000c4
Event: 4.120 Thread 0x00000000247671f0 Uncommon trap: reason=unstable_if action=reinterpret pc=0x000000000dac4de4 method=java.util.concurrent.locks.AbstractQueuedSynchronizer.signalNext(Ljava/util/concurrent/locks/AbstractQueuedSynchronizer$Node;)V @ 17 c2
Event: 4.120 Thread 0x00000000247671f0 DEOPT PACKING pc=0x000000000dac4de4 sp=0x000000002730f0f0
Event: 4.120 Thread 0x00000000247671f0 DEOPT UNPACKING pc=0x00000000060023a3 sp=0x000000002730f080 mode 2

Classes unloaded (0 events):
No events

Classes redefined (0 events):
No events

Internal exceptions (16 events):
Event: 0.122 Thread 0x00000000003ca8c0 Exception <a 'java/lang/NoSuchMethodError'{0x0000000711b1c910}: 'void java.lang.invoke.DirectMethodHandle$Holder.invokeVirtual(java.lang.Object, java.lang.Object)'> (0x0000000711b1c910) 
thrown [s\src\hotspot\share\interpreter\linkResolver.cpp, line 759]
Event: 0.158 Thread 0x00000000003ca8c0 Exception <a 'sun/nio/fs/WindowsException'{0x000000071183fe90}> (0x000000071183fe90) 
thrown [s\src\hotspot\share\prims\jni.cpp, line 516]
Event: 0.162 Thread 0x00000000003ca8c0 Exception <a 'java/lang/ClassNotFoundException'{0x0000000711846120}: sun/awt/resources/spi/awtProvider> (0x0000000711846120) 
thrown [s\src\hotspot\share\classfile\systemDictionary.cpp, line 256]
Event: 0.179 Thread 0x00000000003ca8c0 Exception <a 'java/io/FileNotFoundException'{0x000000071189a498}> (0x000000071189a498) 
thrown [s\src\hotspot\share\prims\jni.cpp, line 516]
Event: 0.184 Thread 0x00000000003ca8c0 Exception <a 'java/io/FileNotFoundException'{0x00000007118c7500}> (0x00000007118c7500) 
thrown [s\src\hotspot\share\prims\jni.cpp, line 516]
Event: 0.219 Thread 0x00000000003ca8c0 Exception <a 'java/lang/NoSuchMethodError'{0x0000000711912620}: 'java.lang.Object java.lang.invoke.DirectMethodHandle$Holder.invokeStaticInit(java.lang.Object)'> (0x0000000711912620) 
thrown [s\src\hotspot\share\interpreter\linkResolver.cpp, line 759]
Event: 0.299 Thread 0x00000000003ca8c0 Exception <a 'java/lang/NoSuchMethodError'{0x00000007119cdbe8}: 'void java.lang.invoke.DirectMethodHandle$Holder.invokeSpecial(java.lang.Object, java.lang.Object, java.lang.Object)'> (0x00000007119cdbe8) 
thrown [s\src\hotspot\share\interpreter\linkResolver.cpp, line 759]
Event: 0.307 Thread 0x00000000003ca8c0 Exception <a 'java/lang/NoSuchMethodError'{0x00000007119f7d38}: 'java.lang.Object java.lang.invoke.DirectMethodHandle$Holder.newInvokeSpecial(java.lang.Object, java.lang.Object, java.lang.Object, java.lang.Object, java.lang.Object)'> (0x00000007119f7d38) 
thrown [s\src\hotspot\share\interpreter\linkResolver.cpp, line 759]
Event: 0.308 Thread 0x00000000003ca8c0 Exception <a 'java/lang/NoSuchMethodError'{0x0000000711603bd0}: 'java.lang.Object java.lang.invoke.DirectMethodHandle$Holder.invokeStatic(java.lang.Object, int, java.lang.Object, java.lang.Object, java.lang.Object, java.lang.Object)'> (0x0000000711603bd0) 
thrown [s\src\hotspot\share\interpreter\linkResolver.cpp, line 759]
Event: 0.311 Thread 0x00000000003ca8c0 Exception <a 'java/lang/NoSuchMethodError'{0x0000000711629390}: 'java.lang.Object java.lang.invoke.DirectMethodHandle$Holder.invokeStatic(java.lang.Object, int, java.lang.Object)'> (0x0000000711629390) 
thrown [s\src\hotspot\share\interpreter\linkResolver.cpp, line 759]
Event: 0.336 Thread 0x00000000003ca8c0 Exception <a 'java/lang/ClassNotFoundException'{0x00000007116e0f30}: com/sun/swing/internal/plaf/metal/resources/spi/metalProvider> (0x00000007116e0f30) 
thrown [s\src\hotspot\share\classfile\systemDictionary.cpp, line 256]
Event: 0.337 Thread 0x00000000003ca8c0 Exception <a 'java/lang/ClassNotFoundException'{0x00000007116e4fc8}: com/sun/swing/internal/plaf/basic/resources/spi/basicProvider> (0x00000007116e4fc8) 
thrown [s\src\hotspot\share\classfile\systemDictionary.cpp, line 256]
Event: 0.361 Thread 0x00000000003ca8c0 Exception <a 'java/lang/NoSuchMethodError'{0x00000007117243e8}: 'void java.lang.invoke.DirectMethodHandle$Holder.invokeStaticInit(java.lang.Object)'> (0x00000007117243e8) 
thrown [s\src\hotspot\share\interpreter\linkResolver.cpp, line 759]
Event: 0.390 Thread 0x00000000003ca8c0 Exception <a 'sun/nio/fs/WindowsException'{0x00000007117f1a20}> (0x00000007117f1a20) 
thrown [s\src\hotspot\share\prims\jni.cpp, line 516]
Event: 0.544 Thread 0x00000000003ca8c0 Exception <a 'java/lang/NoSuchMethodError'{0x000000071143d340}: 'void java.lang.invoke.DirectMethodHandle$Holder.invokeStatic(java.lang.Object, java.lang.Object, java.lang.Object)'> (0x000000071143d340) 
thrown [s\src\hotspot\share\interpreter\linkResolver.cpp, line 759]
Event: 0.545 Thread 0x00000000003ca8c0 Exception <a 'java/lang/NoSuchMethodError'{0x00000007114437d8}: 'void java.lang.invoke.DirectMethodHandle$Holder.invokeStatic(java.lang.Object, java.lang.Object)'> (0x00000007114437d8) 
thrown [s\src\hotspot\share\interpreter\linkResolver.cpp, line 759]

VM Operations (20 events):
Event: 0.134 Executing VM operation: HandshakeAllThreads
Event: 0.134 Executing VM operation: HandshakeAllThreads done
Event: 0.147 Executing VM operation: HandshakeAllThreads
Event: 0.147 Executing VM operation: HandshakeAllThreads done
Event: 0.379 Executing VM operation: HandshakeAllThreads
Event: 0.379 Executing VM operation: HandshakeAllThreads done
Event: 0.599 Executing VM operation: HandshakeAllThreads
Event: 0.599 Executing VM operation: HandshakeAllThreads done
Event: 1.290 Executing VM operation: ICBufferFull
Event: 1.291 Executing VM operation: ICBufferFull done
Event: 2.294 Executing VM operation: Cleanup
Event: 2.294 Executing VM operation: Cleanup done
Event: 3.300 Executing VM operation: Cleanup
Event: 3.300 Executing VM operation: Cleanup done
Event: 3.419 Executing VM operation: HandshakeAllThreads
Event: 3.419 Executing VM operation: HandshakeAllThreads done
Event: 4.418 Executing VM operation: Cleanup
Event: 4.418 Executing VM operation: Cleanup done
Event: 5.426 Executing VM operation: Cleanup
Event: 5.426 Executing VM operation: Cleanup done

Events (20 events):
Event: 3.426 loading class sun/awt/UngrabEvent
Event: 3.426 loading class sun/awt/UngrabEvent done
Event: 3.434 loading class javax/swing/RepaintManager$3
Event: 3.434 loading class javax/swing/RepaintManager$3 done
Event: 3.710 loading class javax/swing/Autoscroller
Event: 3.710 loading class javax/swing/Autoscroller done
Event: 3.710 loading class javax/swing/Popup$DefaultFrame
Event: 3.710 loading class javax/swing/Popup$DefaultFrame done
Event: 3.710 loading class javax/swing/PopupFactory$HeavyWeightPopup$1
Event: 3.710 loading class java/awt/event/WindowAdapter
Event: 3.710 loading class java/awt/event/WindowAdapter done
Event: 3.710 loading class javax/swing/PopupFactory$HeavyWeightPopup$1 done
Event: 3.710 loading class javax/swing/plaf/basic/BasicPopupMenuUI$MouseGrabber$2
Event: 3.710 loading class javax/swing/plaf/basic/BasicPopupMenuUI$MouseGrabber$2 done
Event: 5.856 loading class java/awt/Scrollbar
Event: 5.856 loading class java/awt/Scrollbar done
Event: 7.010 Thread 0x000000002480f380 Thread added: 0x000000002480f380
Event: 7.010 Thread 0x000000002480f850 Thread added: 0x000000002480f850
Event: 7.010 Thread 0x000000002480f380 Thread exited: 0x000000002480f380
Event: 7.010 Thread 0x000000002475c800 Thread exited: 0x000000002475c800


Dynamic libraries:
0x000000013fd00000 - 0x000000013fd0e000 	C:\Users\Rimas\.p2\pool\plugins\org.eclipse.justj.openjdk.hotspot.jre.full.win32.x86_64_17.0.4.v20221004-1257\jre\bin\javaw.exe
0x0000000076da0000 - 0x0000000076f3f000 	C:\Windows\SYSTEM32\ntdll.dll
0x000007feee150000 - 0x000007feee167000 	C:\Program Files\Avast Software\Avast\aswhook.dll
0x0000000076b80000 - 0x0000000076c9f000 	C:\Windows\system32\kernel32.dll
0x000007fefc9c0000 - 0x000007fefca27000 	C:\Windows\system32\KERNELBASE.dll
0x000007fef9b80000 - 0x000007fef9b98000 	C:\Users\Rimas\.p2\pool\plugins\org.eclipse.justj.openjdk.hotspot.jre.full.win32.x86_64_17.0.4.v20221004-1257\jre\bin\jli.dll
0x000007fefaf40000 - 0x000007fefb135000 	C:\Windows\WinSxS\amd64_microsoft.windows.common-controls_6595b64144ccf1df_6.0.7601.24483_none_e372d88f30fbb845\COMCTL32.dll
0x000007fefd4c0000 - 0x000007fefd55f000 	C:\Windows\system32\msvcrt.dll
0x000007fefddf0000 - 0x000007fefde57000 	C:\Windows\system32\GDI32.dll
0x0000000076ca0000 - 0x0000000076d9a000 	C:\Windows\system32\USER32.dll
0x000007feff080000 - 0x000007feff08e000 	C:\Windows\system32\LPK.dll
0x000007fefd5c0000 - 0x000007fefd68b000 	C:\Windows\system32\USP10.dll
0x000007fefccb0000 - 0x000007fefcd21000 	C:\Windows\system32\SHLWAPI.dll
0x000007fef4e20000 - 0x000007fef4e39000 	C:\Users\Rimas\.p2\pool\plugins\org.eclipse.justj.openjdk.hotspot.jre.full.win32.x86_64_17.0.4.v20221004-1257\jre\bin\VCRUNTIME140.dll
0x000007fef9ac0000 - 0x000007fef9ac4000 	C:\Users\Rimas\.p2\pool\plugins\org.eclipse.justj.openjdk.hotspot.jre.full.win32.x86_64_17.0.4.v20221004-1257\jre\bin\api-ms-win-crt-runtime-l1-1-0.dll
0x000007fef3c70000 - 0x000007fef3d6a000 	C:\Users\Rimas\.p2\pool\plugins\org.eclipse.justj.openjdk.hotspot.jre.full.win32.x86_64_17.0.4.v20221004-1257\jre\bin\ucrtbase.DLL
0x000007fef4d90000 - 0x000007fef4d93000 	C:\Users\Rimas\.p2\pool\plugins\org.eclipse.justj.openjdk.hotspot.jre.full.win32.x86_64_17.0.4.v20221004-1257\jre\bin\api-ms-win-core-localization-l1-2-0.dll
0x000007fef4d80000 - 0x000007fef4d83000 	C:\Users\Rimas\.p2\pool\plugins\org.eclipse.justj.openjdk.hotspot.jre.full.win32.x86_64_17.0.4.v20221004-1257\jre\bin\api-ms-win-core-processthreads-l1-1-1.dll
0x000007fef3fa0000 - 0x000007fef3fa3000 	C:\Users\Rimas\.p2\pool\plugins\org.eclipse.justj.openjdk.hotspot.jre.full.win32.x86_64_17.0.4.v20221004-1257\jre\bin\api-ms-win-core-file-l1-2-0.dll
0x000007fef3f90000 - 0x000007fef3f93000 	C:\Users\Rimas\.p2\pool\plugins\org.eclipse.justj.openjdk.hotspot.jre.full.win32.x86_64_17.0.4.v20221004-1257\jre\bin\api-ms-win-core-timezone-l1-1-0.dll
0x000007fef3f80000 - 0x000007fef3f83000 	C:\Users\Rimas\.p2\pool\plugins\org.eclipse.justj.openjdk.hotspot.jre.full.win32.x86_64_17.0.4.v20221004-1257\jre\bin\api-ms-win-core-file-l2-1-0.dll
0x000007fef3f70000 - 0x000007fef3f73000 	C:\Users\Rimas\.p2\pool\plugins\org.eclipse.justj.openjdk.hotspot.jre.full.win32.x86_64_17.0.4.v20221004-1257\jre\bin\api-ms-win-core-synch-l1-2-0.dll
0x000007fef3f60000 - 0x000007fef3f63000 	C:\Users\Rimas\.p2\pool\plugins\org.eclipse.justj.openjdk.hotspot.jre.full.win32.x86_64_17.0.4.v20221004-1257\jre\bin\api-ms-win-crt-heap-l1-1-0.dll
0x000007fef3f50000 - 0x000007fef3f54000 	C:\Users\Rimas\.p2\pool\plugins\org.eclipse.justj.openjdk.hotspot.jre.full.win32.x86_64_17.0.4.v20221004-1257\jre\bin\api-ms-win-crt-string-l1-1-0.dll
0x000007fef3f40000 - 0x000007fef3f44000 	C:\Users\Rimas\.p2\pool\plugins\org.eclipse.justj.openjdk.hotspot.jre.full.win32.x86_64_17.0.4.v20221004-1257\jre\bin\api-ms-win-crt-stdio-l1-1-0.dll
0x000007fef3f30000 - 0x000007fef3f34000 	C:\Users\Rimas\.p2\pool\plugins\org.eclipse.justj.openjdk.hotspot.jre.full.win32.x86_64_17.0.4.v20221004-1257\jre\bin\api-ms-win-crt-convert-l1-1-0.dll
0x000007fef3f20000 - 0x000007fef3f23000 	C:\Users\Rimas\.p2\pool\plugins\org.eclipse.justj.openjdk.hotspot.jre.full.win32.x86_64_17.0.4.v20221004-1257\jre\bin\api-ms-win-crt-environment-l1-1-0.dll
0x000007fef3f10000 - 0x000007fef3f13000 	C:\Users\Rimas\.p2\pool\plugins\org.eclipse.justj.openjdk.hotspot.jre.full.win32.x86_64_17.0.4.v20221004-1257\jre\bin\api-ms-win-crt-filesystem-l1-1-0.dll
0x000007fef3c60000 - 0x000007fef3c65000 	C:\Users\Rimas\.p2\pool\plugins\org.eclipse.justj.openjdk.hotspot.jre.full.win32.x86_64_17.0.4.v20221004-1257\jre\bin\api-ms-win-crt-math-l1-1-0.dll
0x000007fef3c50000 - 0x000007fef3c53000 	C:\Users\Rimas\.p2\pool\plugins\org.eclipse.justj.openjdk.hotspot.jre.full.win32.x86_64_17.0.4.v20221004-1257\jre\bin\api-ms-win-crt-locale-l1-1-0.dll
0x000007fefdb40000 - 0x000007fefdb6e000 	C:\Windows\system32\IMM32.DLL
0x000007fefee30000 - 0x000007fefef3b000 	C:\Windows\system32\MSCTF.dll
0x000007fef3c40000 - 0x000007fef3c4c000 	C:\Users\Rimas\.p2\pool\plugins\org.eclipse.justj.openjdk.hotspot.jre.full.win32.x86_64_17.0.4.v20221004-1257\jre\bin\vcruntime140_1.dll
0x000007fef3ba0000 - 0x000007fef3c31000 	C:\Users\Rimas\.p2\pool\plugins\org.eclipse.justj.openjdk.hotspot.jre.full.win32.x86_64_17.0.4.v20221004-1257\jre\bin\msvcp140.dll
0x000007fef3b90000 - 0x000007fef3b93000 	C:\Users\Rimas\.p2\pool\plugins\org.eclipse.justj.openjdk.hotspot.jre.full.win32.x86_64_17.0.4.v20221004-1257\jre\bin\api-ms-win-crt-time-l1-1-0.dll
0x000007fef3b80000 - 0x000007fef3b83000 	C:\Users\Rimas\.p2\pool\plugins\org.eclipse.justj.openjdk.hotspot.jre.full.win32.x86_64_17.0.4.v20221004-1257\jre\bin\api-ms-win-crt-utility-l1-1-0.dll
0x000007fec9c00000 - 0x000007feca846000 	C:\Users\Rimas\.p2\pool\plugins\org.eclipse.justj.openjdk.hotspot.jre.full.win32.x86_64_17.0.4.v20221004-1257\jre\bin\server\jvm.dll
0x000007fefde60000 - 0x000007fefdf3b000 	C:\Windows\system32\ADVAPI32.dll
0x000007fefd4a0000 - 0x000007fefd4bf000 	C:\Windows\SYSTEM32\sechost.dll
0x000007fefcd30000 - 0x000007fefce5c000 	C:\Windows\system32\RPCRT4.dll
0x000007fef90a0000 - 0x000007fef90a9000 	C:\Windows\system32\WSOCK32.dll
0x000007fefdba0000 - 0x000007fefdbed000 	C:\Windows\system32\WS2_32.dll
0x000007fefdb90000 - 0x000007fefdb98000 	C:\Windows\system32\NSI.dll
0x000007fef9c70000 - 0x000007fef9cab000 	C:\Windows\system32\WINMM.dll
0x000007fefb9d0000 - 0x000007fefb9dc000 	C:\Windows\system32\VERSION.dll
0x0000000076f50000 - 0x0000000076f57000 	C:\Windows\system32\PSAPI.DLL
0x000007fefa170000 - 0x000007fefa17a000 	C:\Users\Rimas\.p2\pool\plugins\org.eclipse.justj.openjdk.hotspot.jre.full.win32.x86_64_17.0.4.v20221004-1257\jre\bin\jimage.dll
0x000007fefb440000 - 0x000007fefb565000 	C:\Windows\system32\DBGHELP.DLL
0x000007fef4960000 - 0x000007fef4985000 	C:\Users\Rimas\.p2\pool\plugins\org.eclipse.justj.openjdk.hotspot.jre.full.win32.x86_64_17.0.4.v20221004-1257\jre\bin\java.dll
0x000007fef4ce0000 - 0x000007fef4cf8000 	C:\Users\Rimas\.p2\pool\plugins\org.eclipse.justj.openjdk.hotspot.jre.full.win32.x86_64_17.0.4.v20221004-1257\jre\bin\zip.dll
0x000007fefe0a0000 - 0x000007fefee2b000 	C:\Windows\system32\SHELL32.dll
0x000007fefdbf0000 - 0x000007fefddef000 	C:\Windows\system32\ole32.dll
0x000007fefc8f0000 - 0x000007fefc8ff000 	C:\Windows\system32\profapi.dll
0x000007fef4680000 - 0x000007fef4699000 	C:\Users\Rimas\.p2\pool\plugins\org.eclipse.justj.openjdk.hotspot.jre.full.win32.x86_64_17.0.4.v20221004-1257\jre\bin\net.dll
0x000007fef6b60000 - 0x000007fef6bd1000 	C:\Windows\system32\WINHTTP.dll
0x000007fef6af0000 - 0x000007fef6b55000 	C:\Windows\system32\webio.dll
0x000007fefc030000 - 0x000007fefc085000 	C:\Windows\system32\mswsock.dll
0x000007fefc020000 - 0x000007fefc027000 	C:\Windows\System32\wship6.dll
0x000007fef43c0000 - 0x000007fef43d5000 	C:\Users\Rimas\.p2\pool\plugins\org.eclipse.justj.openjdk.hotspot.jre.full.win32.x86_64_17.0.4.v20221004-1257\jre\bin\nio.dll
0x000007fef0e20000 - 0x000007fef0fae000 	C:\Users\Rimas\.p2\pool\plugins\org.eclipse.justj.openjdk.hotspot.jre.full.win32.x86_64_17.0.4.v20221004-1257\jre\bin\awt.dll
0x000007fefdf40000 - 0x000007fefe01b000 	C:\Windows\system32\OLEAUT32.dll
0x000007fefaef0000 - 0x000007fefaf08000 	C:\Windows\system32\DWMAPI.DLL
0x000007fef83b0000 - 0x000007fef84cd000 	C:\Windows\system32\opengl32.dll
0x000007fef8b30000 - 0x000007fef8b5d000 	C:\Windows\system32\GLU32.dll
0x000007fef82b0000 - 0x000007fef83a1000 	C:\Windows\system32\DDRAW.dll
0x000007fef8b20000 - 0x000007fef8b28000 	C:\Windows\system32\DCIMAN32.dll
0x000007fefd960000 - 0x000007fefdb37000 	C:\Windows\system32\SETUPAPI.dll
0x000007fefca40000 - 0x000007fefca76000 	C:\Windows\system32\CFGMGR32.dll
0x000007fefc910000 - 0x000007fefc92a000 	C:\Windows\system32\DEVOBJ.dll
0x000007fefad10000 - 0x000007fefad66000 	C:\Windows\system32\uxtheme.dll
0x000007fefc790000 - 0x000007fefc79f000 	C:\Windows\system32\CRYPTBASE.dll
0x000007fef1380000 - 0x000007fef1406000 	C:\Users\Rimas\.p2\pool\plugins\org.eclipse.justj.openjdk.hotspot.jre.full.win32.x86_64_17.0.4.v20221004-1257\jre\bin\freetype.dll
0x000007fee9f30000 - 0x000007fee9fd8000 	C:\Users\Rimas\.p2\pool\plugins\org.eclipse.justj.openjdk.hotspot.jre.full.win32.x86_64_17.0.4.v20221004-1257\jre\bin\fontmanager.dll

dbghelp: loaded successfully - version: 4.0.5 - missing functions: none
symbol engine: initialized successfully - sym options: 0x614 - pdb path: .;C:\Users\Rimas\.p2\pool\plugins\org.eclipse.justj.openjdk.hotspot.jre.full.win32.x86_64_17.0.4.v20221004-1257\jre\bin;C:\Windows\SYSTEM32;C:\Program Files\Avast Software\Avast;C:\Windows\WinSxS\amd64_microsoft.windows.common-controls_6595b64144ccf1df_6.0.7601.24483_none_e372d88f30fbb845;C:\Users\Rimas\.p2\pool\plugins\org.eclipse.justj.openjdk.hotspot.jre.full.win32.x86_64_17.0.4.v20221004-1257\jre\bin\server

VM Arguments:
jvm_args: -Dfile.encoding=UTF-8 --module-path=E:\CODING\Java Eclipse Projects\FlockingSimulator2\bin -XX:+ShowCodeDetailsInExceptionMessages -Djdk.module.main=FlockingSimulator2 
java_command: FlockingSimulator2/main.Flocking
java_class_path (initial): <not set>
Launcher Type: SUN_STANDARD

[Global flags]
     intx CICompilerCount                          = 4                                         {product} {ergonomic}
     uint ConcGCThreads                            = 2                                         {product} {ergonomic}
     uint G1ConcRefinementThreads                  = 8                                         {product} {ergonomic}
   size_t G1HeapRegionSize                         = 2097152                                   {product} {ergonomic}
    uintx GCDrainStackTargetSize                   = 64                                        {product} {ergonomic}
   size_t InitialHeapSize                          = 268435456                                 {product} {ergonomic}
   size_t MarkStackSize                            = 4194304                                   {product} {ergonomic}
   size_t MaxHeapSize                              = 4265607168                                {product} {ergonomic}
   size_t MaxNewSize                               = 2558525440                                {product} {ergonomic}
   size_t MinHeapDeltaBytes                        = 2097152                                   {product} {ergonomic}
   size_t MinHeapSize                              = 8388608                                   {product} {ergonomic}
    uintx NonNMethodCodeHeapSize                   = 5839372                                {pd product} {ergonomic}
    uintx NonProfiledCodeHeapSize                  = 122909434                              {pd product} {ergonomic}
    uintx ProfiledCodeHeapSize                     = 122909434                              {pd product} {ergonomic}
    uintx ReservedCodeCacheSize                    = 251658240                              {pd product} {ergonomic}
     bool SegmentedCodeCache                       = true                                      {product} {ergonomic}
     bool ShowCodeDetailsInExceptionMessages       = true                                   {manageable} {command line}
   size_t SoftMaxHeapSize                          = 4265607168                             {manageable} {ergonomic}
     bool UseCompressedClassPointers               = true                           {product lp64_product} {ergonomic}
     bool UseCompressedOops                        = true                           {product lp64_product} {ergonomic}
     bool UseG1GC                                  = true                                      {product} {ergonomic}
     bool UseLargePagesIndividualAllocation        = false                                  {pd product} {ergonomic}

Logging:
Log output configuration:
 #0: stdout all=warning uptime,level,tags
 #1: stderr all=off uptime,level,tags

Environment Variables:
PATH=C:/Users/Rimas/.p2/pool/plugins/org.eclipse.justj.openjdk.hotspot.jre.full.win32.x86_64_17.0.4.v20221004-1257/jre/bin/server;C:/Users/Rimas/.p2/pool/plugins/org.eclipse.justj.openjdk.hotspot.jre.full.win32.x86_64_17.0.4.v20221004-1257/jre/bin;C:\Program Files (x86)\Common Files\Oracle\Java\javapath;C:\ProgramData\Oracle\Java\javapath;C:\Program Files (x86)\NVIDIA Corporation\PhysX\Common;C:\Windows\system32;C:\Windows;C:\Windows\System32\Wbem;C:\Windows\System32\WindowsPowerShell\v1.0\;C:\Program Files\Git\cmd;C:\Users\Rimas\AppData\Local\Programs\Python\Python37-32\Scripts\;C:\Users\Rimas\AppData\Local\Programs\Python\Python37-32\;C:\Users\Rimas\Desktop;
USERNAME=Rimas
OS=Windows_NT
PROCESSOR_IDENTIFIER=Intel64 Family 6 Model 60 Stepping 3, GenuineIntel
TMP=C:\Users\Rimas\AppData\Local\Temp
TEMP=C:\Users\Rimas\AppData\Local\Temp



---------------  S Y S T E M  ---------------

OS:
 Windows 7 , 64 bit Build 7601 (6.1.7601.24545)
OS uptime: 0 days 7:10 hours

CPU: total 8 (initial active 8) (4 cores per cpu, 2 threads per core) family 6 model 60 stepping 3 microcode 0x0, cx8, cmov, fxsr, ht, mmx, sse, sse2, sse3, ssse3, sse4.1, sse4.2, popcnt, lzcnt, tsc, tscinvbit, avx, avx2, aes, erms, clmul, bmi1, bmi2, fma, vzeroupper, clflush

Memory: 4k page, system-wide physical 16271M (9238M free)
TotalPageFile size 32541M (AvailPageFile size 19569M)
current process WorkingSet (physical memory assigned to process): 84M, peak: 118M
current process commit charge ("private bytes"): 377M, peak: 431M

vm_info: OpenJDK 64-Bit Server VM (17.0.4.1+1) for windows-amd64 JRE (17.0.4.1+1), built on Aug 17 2022 07:42:43 by "temurin" with MS VC++ 16.7 (VS2019)

END.
